<?xml version="1.0" encoding="UTF-8"?>
<testsuites name="Rest API Integration Tests" time="28" tests="9" failures="2" errors="0">
   <testsuite name="Rest API Integration Tests" tests="9" failures="2" errors="0" time="28" timestamp="2019-01-18 16:17:18" hostname="klusm - 192.168.0.13" id="Test Suites/Rest API Integration Tests">
      <properties>
         <property name="deviceName" value=""/>
         <property name="devicePlatform" value=""/>
         <property name="logFolder" value="/Users/klusm/Documents/agh/Testowanie/shop-zpw-tests/shop-zpw-tests/Reports/Rest API Integration Tests/20190118_161716"/>
         <property name="logFiles" value="/Users/klusm/Documents/agh/Testowanie/shop-zpw-tests/shop-zpw-tests/Reports/Rest API Integration Tests/20190118_161716/execution0.log"/>
         <property name="attachments" value=""/>
         <property name="hostName" value="klusm - 192.168.0.13"/>
         <property name="hostAddress" value="192.168.0.13"/>
         <property name="os" value="Mac OS X 64bit"/>
         <property name="katalonVersion" value="5.10.1.1"/>
      </properties>
      <testcase name="Test Cases/1GetCategories" classname="Test Cases/1GetCategories" status="PASSED">
         <system-out><![CDATA[2019-01-18 16:17:18 - [TEST_CASE][PASSED] - Test Cases/1GetCategories: Test Cases/1GetCategories

2019-01-18 16:17:19 - [TEST_STEP][PASSED] - sendRequestAndVerify(findTestObject("Get categories")): Send request and verify the response successfully

2019-01-18 16:17:21 - [TEST_CASE][PASSED] - Start Test Case : Verification: Verification accomplished successfully

2019-01-18 16:17:21 - [TEST_STEP][PASSED] - request = getInstance().getCurrentRequest(): null

2019-01-18 16:17:21 - [TEST_STEP][PASSED] - response = getInstance().getCurrentResponse(): null

2019-01-18 16:17:21 - [TEST_STEP][PASSED] - verifyResponseStatusCode(response, 200): Verify response status code successfully

2019-01-18 16:17:21 - [MESSAGE][PASSED] - Verify response status code successfully

2019-01-18 16:17:21 - [TEST_STEP][PASSED] - jsonSlurper = new groovy.json.JsonSlurper(): null

2019-01-18 16:17:21 - [TEST_STEP][PASSED] - jsonResponse = jsonSlurper.parseText(response.getResponseText()): null

2019-01-18 16:17:21 - [TEST_STEP][PASSED] - assert jsonResponse.find({ java.lang.Object category -> ... }) != null: null

2019-01-18 16:17:21 - [TEST_STEP][PASSED] - assert jsonResponse.find({ java.lang.Object category -> ... }) != null: null

2019-01-18 16:17:21 - [TEST_STEP][PASSED] - assert jsonResponse.find({ java.lang.Object category -> ... }) != null: null

2019-01-18 16:17:21 - [TEST_STEP][PASSED] - assert jsonResponse.find({ java.lang.Object category -> ... }) != null: null

2019-01-18 16:17:21 - [MESSAGE][PASSED] - Verify response successfully

2019-01-18 16:17:21 - [MESSAGE][PASSED] - Send request and verify the response successfully]]></system-out>
         <system-err><![CDATA[]]></system-err>
      </testcase>
      <testcase name="Test Cases/2GetProducts" classname="Test Cases/2GetProducts" status="PASSED">
         <system-out><![CDATA[2019-01-18 16:17:21 - [TEST_CASE][PASSED] - Test Cases/2GetProducts: Test Cases/2GetProducts

2019-01-18 16:17:21 - [TEST_STEP][PASSED] - sendRequestAndVerify(findTestObject("Add product", ["productName":"Produkt_testowy1"])): Send request and verify the response successfully

2019-01-18 16:17:22 - [TEST_CASE][PASSED] - Start Test Case : Verification: Verification accomplished successfully

2019-01-18 16:17:22 - [TEST_STEP][PASSED] - request = getInstance().getCurrentRequest(): null

2019-01-18 16:17:22 - [TEST_STEP][PASSED] - response = getInstance().getCurrentResponse(): null

2019-01-18 16:17:22 - [TEST_STEP][PASSED] - verifyResponseStatusCode(response, 200): Verify response status code successfully

2019-01-18 16:17:22 - [MESSAGE][PASSED] - Verify response status code successfully

2019-01-18 16:17:22 - [MESSAGE][PASSED] - Verify response successfully

2019-01-18 16:17:22 - [MESSAGE][PASSED] - Send request and verify the response successfully

2019-01-18 16:17:22 - [TEST_STEP][PASSED] - sendRequestAndVerify(findTestObject("Add product", ["productName":"Produkt_testowy2"])): Send request and verify the response successfully

2019-01-18 16:17:23 - [TEST_CASE][PASSED] - Start Test Case : Verification: Verification accomplished successfully

2019-01-18 16:17:23 - [TEST_STEP][PASSED] - request = getInstance().getCurrentRequest(): null

2019-01-18 16:17:23 - [TEST_STEP][PASSED] - response = getInstance().getCurrentResponse(): null

2019-01-18 16:17:23 - [TEST_STEP][PASSED] - verifyResponseStatusCode(response, 200): Verify response status code successfully

2019-01-18 16:17:23 - [MESSAGE][PASSED] - Verify response status code successfully

2019-01-18 16:17:23 - [MESSAGE][PASSED] - Verify response successfully

2019-01-18 16:17:23 - [MESSAGE][PASSED] - Send request and verify the response successfully

2019-01-18 16:17:23 - [TEST_STEP][PASSED] - response = sendRequestAndVerify(findTestObject("Get products", ["productsNames":["Produkt_testowy1", "Produkt_testowy2"]])): Send request and verify the response successfully

2019-01-18 16:17:23 - [TEST_CASE][PASSED] - Start Test Case : Verification: Verification accomplished successfully

2019-01-18 16:17:23 - [TEST_STEP][PASSED] - request = getInstance().getCurrentRequest(): null

2019-01-18 16:17:23 - [TEST_STEP][PASSED] - response = getInstance().getCurrentResponse(): null

2019-01-18 16:17:23 - [TEST_STEP][PASSED] - verifyResponseStatusCode(response, 200): Verify response status code successfully

2019-01-18 16:17:23 - [MESSAGE][PASSED] - Verify response status code successfully

2019-01-18 16:17:23 - [TEST_STEP][PASSED] - jsonSlurper = new groovy.json.JsonSlurper(): null

2019-01-18 16:17:23 - [TEST_STEP][PASSED] - products = jsonSlurper.parseText(response.getResponseText()): null

2019-01-18 16:17:23 - [TEST_STEP][PASSED] - variables = request.getVariables(): null

2019-01-18 16:17:23 - [TEST_STEP][PASSED] - productNames = variables.get("productsNames"): null

2019-01-18 16:17:23 - [TEST_STEP][PASSED] - productsExists = new java.util.ArrayList(productNames.size()): null

2019-01-18 16:17:23 - [TEST_STEP][PASSED] - for (def name : productNames): null

2019-01-18 16:17:23 - [MESSAGE][PASSED] - Verify response successfully

2019-01-18 16:17:23 - [MESSAGE][PASSED] - Send request and verify the response successfully

2019-01-18 16:17:23 - [TEST_STEP][PASSED] - jsonSlurper = new groovy.json.JsonSlurper(): null

2019-01-18 16:17:23 - [TEST_STEP][PASSED] - products = jsonSlurper.parseText(response.getResponseText()): null

2019-01-18 16:17:24 - [TEST_STEP][PASSED] - p1 = products.find({ java.lang.Object p -> ... }): null

2019-01-18 16:17:24 - [TEST_STEP][PASSED] - p2 = products.find({ java.lang.Object p -> ... }): null

2019-01-18 16:17:24 - [TEST_STEP][PASSED] - if (p1 != null): Send request and verify the response successfully

2019-01-18 16:17:24 - [TEST_STEP][PASSED] - sendRequestAndVerify(findTestObject("Delete product", ["productId":$p1.id])): Send request and verify the response successfully

2019-01-18 16:17:24 - [TEST_CASE][PASSED] - Start Test Case : Verification: Verification accomplished successfully

2019-01-18 16:17:24 - [TEST_STEP][PASSED] - request = getInstance().getCurrentRequest(): null

2019-01-18 16:17:24 - [TEST_STEP][PASSED] - response = getInstance().getCurrentResponse(): null

2019-01-18 16:17:24 - [TEST_STEP][PASSED] - verifyResponseStatusCode(response, 200): Verify response status code successfully

2019-01-18 16:17:24 - [MESSAGE][PASSED] - Verify response status code successfully

2019-01-18 16:17:24 - [MESSAGE][PASSED] - Verify response successfully

2019-01-18 16:17:24 - [MESSAGE][PASSED] - Send request and verify the response successfully

2019-01-18 16:17:24 - [TEST_STEP][PASSED] - if (p2 != null): Send request and verify the response successfully

2019-01-18 16:17:24 - [TEST_STEP][PASSED] - sendRequestAndVerify(findTestObject("Delete product", ["productId":$p2.id])): Send request and verify the response successfully

2019-01-18 16:17:25 - [TEST_CASE][PASSED] - Start Test Case : Verification: Verification accomplished successfully

2019-01-18 16:17:25 - [TEST_STEP][PASSED] - request = getInstance().getCurrentRequest(): null

2019-01-18 16:17:25 - [TEST_STEP][PASSED] - response = getInstance().getCurrentResponse(): null

2019-01-18 16:17:25 - [TEST_STEP][PASSED] - verifyResponseStatusCode(response, 200): Verify response status code successfully

2019-01-18 16:17:25 - [MESSAGE][PASSED] - Verify response status code successfully

2019-01-18 16:17:25 - [MESSAGE][PASSED] - Verify response successfully

2019-01-18 16:17:25 - [MESSAGE][PASSED] - Send request and verify the response successfully]]></system-out>
         <system-err><![CDATA[]]></system-err>
      </testcase>
      <testcase name="Test Cases/3AddProduct" classname="Test Cases/3AddProduct" status="PASSED">
         <system-out><![CDATA[2019-01-18 16:17:25 - [TEST_CASE][PASSED] - Test Cases/3AddProduct: Test Cases/3AddProduct

2019-01-18 16:17:25 - [TEST_STEP][PASSED] - sendRequest(findTestObject("Add product", ["productName":"Produkt_testowy3"])): Send request successfully

2019-01-18 16:17:26 - [MESSAGE][INFO] - HAR: /Users/klusm/Documents/agh/Testowanie/shop-zpw-tests/shop-zpw-tests/Reports/Rest API Integration Tests/20190118_161716/requests/main/0.har

2019-01-18 16:17:26 - [MESSAGE][PASSED] - Send request successfully

2019-01-18 16:17:26 - [TEST_STEP][PASSED] - response = sendRequest(findTestObject("Get products", ["productsNames":[]])): Send request successfully

2019-01-18 16:17:26 - [MESSAGE][INFO] - HAR: /Users/klusm/Documents/agh/Testowanie/shop-zpw-tests/shop-zpw-tests/Reports/Rest API Integration Tests/20190118_161716/requests/main/1.har

2019-01-18 16:17:26 - [MESSAGE][PASSED] - Send request successfully

2019-01-18 16:17:26 - [TEST_STEP][PASSED] - sendRequest(findTestObject("Delete product", ["productId":""])): Send request successfully

2019-01-18 16:17:26 - [MESSAGE][INFO] - HAR: /Users/klusm/Documents/agh/Testowanie/shop-zpw-tests/shop-zpw-tests/Reports/Rest API Integration Tests/20190118_161716/requests/main/2.har

2019-01-18 16:17:26 - [MESSAGE][PASSED] - Send request successfully

2019-01-18 16:17:26 - [TEST_STEP][PASSED] - jsonSlurper = new groovy.json.JsonSlurper(): null

2019-01-18 16:17:26 - [TEST_STEP][PASSED] - products = jsonSlurper.parseText(response.getResponseText()): null

2019-01-18 16:17:26 - [TEST_STEP][PASSED] - p3 = products.find({ java.lang.Object p -> ... }): null

2019-01-18 16:17:26 - [TEST_STEP][PASSED] - assert p3 != null : "Produkt_testowy3 does not exist": null

2019-01-18 16:17:26 - [TEST_STEP][PASSED] - sendRequestAndVerify(findTestObject("Delete product", ["productId":$p3.id])): Send request and verify the response successfully

2019-01-18 16:17:27 - [TEST_CASE][PASSED] - Start Test Case : Verification: Verification accomplished successfully

2019-01-18 16:17:27 - [TEST_STEP][PASSED] - request = getInstance().getCurrentRequest(): null

2019-01-18 16:17:27 - [TEST_STEP][PASSED] - response = getInstance().getCurrentResponse(): null

2019-01-18 16:17:27 - [TEST_STEP][PASSED] - verifyResponseStatusCode(response, 200): Verify response status code successfully

2019-01-18 16:17:27 - [MESSAGE][PASSED] - Verify response status code successfully

2019-01-18 16:17:27 - [MESSAGE][PASSED] - Verify response successfully

2019-01-18 16:17:27 - [MESSAGE][PASSED] - Send request and verify the response successfully

2019-01-18 16:17:27 - [TEST_STEP][PASSED] - assert name == "Produkt_testowy3" : "Name property is not 'Produkt_testowy3'": null

2019-01-18 16:17:27 - [TEST_STEP][PASSED] - assert products_quantity == 12 : "products_quantity property is not 12": null

2019-01-18 16:17:27 - [TEST_STEP][PASSED] - assert price == 123 : "price property is not 123": null

2019-01-18 16:17:27 - [TEST_STEP][PASSED] - assert description == "opis" : "description property is not 'opis": null

2019-01-18 16:17:27 - [TEST_STEP][PASSED] - assert photo_url == "https://cdn.shopify.com/s/files/1/0010/9215/7503/t/10/assets/cbt2/images/result-clipboard.png?1029388024731289939" : "photo_url property is not 'https://cdn.shopify.com/s/files/1/0010/9215/7503/t/10/assets/cbt2/images/result-clipboard.png?1029388024731289939": null

2019-01-18 16:17:27 - [TEST_STEP][PASSED] - assert category == "other" : "category property is not 'other": null]]></system-out>
         <system-err><![CDATA[]]></system-err>
      </testcase>
      <testcase name="Test Cases/4GetProduct" classname="Test Cases/4GetProduct" status="PASSED">
         <system-out><![CDATA[2019-01-18 16:17:27 - [TEST_CASE][PASSED] - Test Cases/4GetProduct: Test Cases/4GetProduct

2019-01-18 16:17:27 - [TEST_STEP][PASSED] - sendRequestAndVerify(findTestObject("Add product", ["productName":"Produkt_testowy4"])): Send request and verify the response successfully

2019-01-18 16:17:28 - [TEST_CASE][PASSED] - Start Test Case : Verification: Verification accomplished successfully

2019-01-18 16:17:28 - [TEST_STEP][PASSED] - request = getInstance().getCurrentRequest(): null

2019-01-18 16:17:28 - [TEST_STEP][PASSED] - response = getInstance().getCurrentResponse(): null

2019-01-18 16:17:28 - [TEST_STEP][PASSED] - verifyResponseStatusCode(response, 200): Verify response status code successfully

2019-01-18 16:17:28 - [MESSAGE][PASSED] - Verify response status code successfully

2019-01-18 16:17:28 - [MESSAGE][PASSED] - Verify response successfully

2019-01-18 16:17:28 - [MESSAGE][PASSED] - Send request and verify the response successfully

2019-01-18 16:17:28 - [TEST_STEP][PASSED] - response = sendRequestAndVerify(findTestObject("Get products", ["productsNames":[]])): Send request and verify the response successfully

2019-01-18 16:17:29 - [TEST_CASE][PASSED] - Start Test Case : Verification: Verification accomplished successfully

2019-01-18 16:17:29 - [TEST_STEP][PASSED] - request = getInstance().getCurrentRequest(): null

2019-01-18 16:17:29 - [TEST_STEP][PASSED] - response = getInstance().getCurrentResponse(): null

2019-01-18 16:17:29 - [TEST_STEP][PASSED] - verifyResponseStatusCode(response, 200): Verify response status code successfully

2019-01-18 16:17:29 - [MESSAGE][PASSED] - Verify response status code successfully

2019-01-18 16:17:29 - [TEST_STEP][PASSED] - jsonSlurper = new groovy.json.JsonSlurper(): null

2019-01-18 16:17:29 - [TEST_STEP][PASSED] - products = jsonSlurper.parseText(response.getResponseText()): null

2019-01-18 16:17:29 - [TEST_STEP][PASSED] - variables = request.getVariables(): null

2019-01-18 16:17:29 - [TEST_STEP][PASSED] - productNames = variables.get("productsNames"): null

2019-01-18 16:17:29 - [TEST_STEP][PASSED] - productsExists = new java.util.ArrayList(productNames.size()): null

2019-01-18 16:17:29 - [TEST_STEP][PASSED] - for (def name : productNames): null

2019-01-18 16:17:29 - [MESSAGE][PASSED] - Verify response successfully

2019-01-18 16:17:29 - [MESSAGE][PASSED] - Send request and verify the response successfully

2019-01-18 16:17:29 - [TEST_STEP][PASSED] - jsonSlurper = new groovy.json.JsonSlurper(): null

2019-01-18 16:17:29 - [TEST_STEP][PASSED] - products = jsonSlurper.parseText(response.getResponseText()): null

2019-01-18 16:17:29 - [TEST_STEP][PASSED] - p4 = products.find({ java.lang.Object p -> ... }): null

2019-01-18 16:17:29 - [TEST_STEP][PASSED] - assert p4 != null : "Produkt_testowy4 does not exist": null

2019-01-18 16:17:29 - [TEST_STEP][PASSED] - productResponse = sendRequestAndVerify(findTestObject("Get product", ["productId":$p4.id])): Send request and verify the response successfully

2019-01-18 16:17:29 - [TEST_CASE][PASSED] - Start Test Case : Verification: Verification accomplished successfully

2019-01-18 16:17:29 - [TEST_STEP][PASSED] - request = getInstance().getCurrentRequest(): null

2019-01-18 16:17:29 - [TEST_STEP][PASSED] - response = getInstance().getCurrentResponse(): null

2019-01-18 16:17:29 - [TEST_STEP][PASSED] - verifyResponseStatusCode(response, 200): Verify response status code successfully

2019-01-18 16:17:29 - [MESSAGE][PASSED] - Verify response status code successfully

2019-01-18 16:17:29 - [MESSAGE][PASSED] - Verify response successfully

2019-01-18 16:17:29 - [MESSAGE][PASSED] - Send request and verify the response successfully

2019-01-18 16:17:29 - [TEST_STEP][PASSED] - product = jsonSlurper.parseText(productResponse.getResponseText()): null

2019-01-18 16:17:29 - [TEST_STEP][PASSED] - assert product != null : "Produkt_testowy4 does not exist": null

2019-01-18 16:17:29 - [TEST_STEP][PASSED] - assert name == "Produkt_testowy4" : "Name property is not 'Produkt_testowy4'": null

2019-01-18 16:17:29 - [TEST_STEP][PASSED] - assert products_quantity == 12 : "products_quantity property is not 12": null

2019-01-18 16:17:29 - [TEST_STEP][PASSED] - assert price == 123 : "price property is not 123": null

2019-01-18 16:17:29 - [TEST_STEP][PASSED] - assert description == "opis" : "description property is not 'opis": null

2019-01-18 16:17:29 - [TEST_STEP][PASSED] - assert photo_url == "https://cdn.shopify.com/s/files/1/0010/9215/7503/t/10/assets/cbt2/images/result-clipboard.png?1029388024731289939" : "photo_url property is not 'https://cdn.shopify.com/s/files/1/0010/9215/7503/t/10/assets/cbt2/images/result-clipboard.png?1029388024731289939": null

2019-01-18 16:17:29 - [TEST_STEP][PASSED] - assert category == "other" : "category property is not 'other": null

2019-01-18 16:17:29 - [TEST_STEP][PASSED] - sendRequestAndVerify(findTestObject("Delete product", ["productId":$p4.id])): Send request and verify the response successfully

2019-01-18 16:17:30 - [TEST_CASE][PASSED] - Start Test Case : Verification: Verification accomplished successfully

2019-01-18 16:17:30 - [TEST_STEP][PASSED] - request = getInstance().getCurrentRequest(): null

2019-01-18 16:17:30 - [TEST_STEP][PASSED] - response = getInstance().getCurrentResponse(): null

2019-01-18 16:17:30 - [TEST_STEP][PASSED] - verifyResponseStatusCode(response, 200): Verify response status code successfully

2019-01-18 16:17:30 - [MESSAGE][PASSED] - Verify response status code successfully

2019-01-18 16:17:30 - [MESSAGE][PASSED] - Verify response successfully

2019-01-18 16:17:30 - [MESSAGE][PASSED] - Send request and verify the response successfully]]></system-out>
         <system-err><![CDATA[]]></system-err>
      </testcase>
      <testcase name="Test Cases/5DeleteProduct" classname="Test Cases/5DeleteProduct" status="FAILED">
         <failure type="FAILED" message="Test Cases/5DeleteProduct FAILED.
Reason:
com.kms.katalon.core.exception.StepFailedException: Unable to verify response status code (Root cause: com.kms.katalon.core.exception.StepFailedException: Expected status code is '404' but actual status code is '200')
	at com.kms.katalon.core.keyword.internal.KeywordMain.stepFailed(KeywordMain.groovy:36)
	at com.kms.katalon.core.keyword.internal.KeywordMain.stepFailed(KeywordMain.groovy)
	at com.kms.katalon.core.keyword.internal.KeywordMain.runKeyword(KeywordMain.groovy:56)
	at com.kms.katalon.core.webservice.keyword.builtin.VerifyResponseStatusCodeKeyword.verifyResponseStatusCode(VerifyResponseStatusCodeKeyword.groovy:37)
	at com.kms.katalon.core.webservice.keyword.builtin.VerifyResponseStatusCodeKeyword.execute(VerifyResponseStatusCodeKeyword.groovy:32)
	at com.kms.katalon.core.keyword.internal.KeywordExecutor.executeKeywordForPlatform(KeywordExecutor.groovy:53)
	at com.kms.katalon.core.webservice.keyword.WSBuiltInKeywords.verifyResponseStatusCode(WSBuiltInKeywords.groovy:212)
	at com.kms.katalon.core.webservice.keyword.WSBuiltInKeywords$verifyResponseStatusCode$0.call(Unknown Source)
	at 5DeleteProduct.run(5DeleteProduct:37)
	at com.kms.katalon.core.main.ScriptEngine.run(ScriptEngine.java:194)
	at com.kms.katalon.core.main.ScriptEngine.runScriptAsRawText(ScriptEngine.java:119)
	at com.kms.katalon.core.main.TestCaseExecutor.runScript(TestCaseExecutor.java:328)
	at com.kms.katalon.core.main.TestCaseExecutor.doExecute(TestCaseExecutor.java:319)
	at com.kms.katalon.core.main.TestCaseExecutor.processExecutionPhase(TestCaseExecutor.java:298)
	at com.kms.katalon.core.main.TestCaseExecutor.accessMainPhase(TestCaseExecutor.java:290)
	at com.kms.katalon.core.main.TestCaseExecutor.execute(TestCaseExecutor.java:224)
	at com.kms.katalon.core.main.TestSuiteExecutor.accessTestCaseMainPhase(TestSuiteExecutor.java:129)
	at com.kms.katalon.core.main.TestSuiteExecutor.accessTestSuiteMainPhase(TestSuiteExecutor.java:112)
	at com.kms.katalon.core.main.TestSuiteExecutor.execute(TestSuiteExecutor.java:81)
	at com.kms.katalon.core.main.TestCaseMain.startTestSuite(TestCaseMain.java:149)
	at com.kms.katalon.core.main.TestCaseMain$startTestSuite$0.call(Unknown Source)
	at TempTestSuite1547824636810.run(TempTestSuite1547824636810.groovy:36)
"/>
         <system-out><![CDATA[2019-01-18 16:17:30 - [TEST_CASE][FAILED] - Test Cases/5DeleteProduct: Test Cases/5DeleteProduct FAILED.
Reason:
com.kms.katalon.core.exception.StepFailedException: Unable to verify response status code (Root cause: com.kms.katalon.core.exception.StepFailedException: Expected status code is '404' but actual status code is '200')
	at com.kms.katalon.core.keyword.internal.KeywordMain.stepFailed(KeywordMain.groovy:36)
	at com.kms.katalon.core.keyword.internal.KeywordMain.stepFailed(KeywordMain.groovy)
	at com.kms.katalon.core.keyword.internal.KeywordMain.runKeyword(KeywordMain.groovy:56)
	at com.kms.katalon.core.webservice.keyword.builtin.VerifyResponseStatusCodeKeyword.verifyResponseStatusCode(VerifyResponseStatusCodeKeyword.groovy:37)
	at com.kms.katalon.core.webservice.keyword.builtin.VerifyResponseStatusCodeKeyword.execute(VerifyResponseStatusCodeKeyword.groovy:32)
	at com.kms.katalon.core.keyword.internal.KeywordExecutor.executeKeywordForPlatform(KeywordExecutor.groovy:53)
	at com.kms.katalon.core.webservice.keyword.WSBuiltInKeywords.verifyResponseStatusCode(WSBuiltInKeywords.groovy:212)
	at com.kms.katalon.core.webservice.keyword.WSBuiltInKeywords$verifyResponseStatusCode$0.call(Unknown Source)
	at 5DeleteProduct.run(5DeleteProduct:37)
	at com.kms.katalon.core.main.ScriptEngine.run(ScriptEngine.java:194)
	at com.kms.katalon.core.main.ScriptEngine.runScriptAsRawText(ScriptEngine.java:119)
	at com.kms.katalon.core.main.TestCaseExecutor.runScript(TestCaseExecutor.java:328)
	at com.kms.katalon.core.main.TestCaseExecutor.doExecute(TestCaseExecutor.java:319)
	at com.kms.katalon.core.main.TestCaseExecutor.processExecutionPhase(TestCaseExecutor.java:298)
	at com.kms.katalon.core.main.TestCaseExecutor.accessMainPhase(TestCaseExecutor.java:290)
	at com.kms.katalon.core.main.TestCaseExecutor.execute(TestCaseExecutor.java:224)
	at com.kms.katalon.core.main.TestSuiteExecutor.accessTestCaseMainPhase(TestSuiteExecutor.java:129)
	at com.kms.katalon.core.main.TestSuiteExecutor.accessTestSuiteMainPhase(TestSuiteExecutor.java:112)
	at com.kms.katalon.core.main.TestSuiteExecutor.execute(TestSuiteExecutor.java:81)
	at com.kms.katalon.core.main.TestCaseMain.startTestSuite(TestCaseMain.java:149)
	at com.kms.katalon.core.main.TestCaseMain$startTestSuite$0.call(Unknown Source)
	at TempTestSuite1547824636810.run(TempTestSuite1547824636810.groovy:36)


2019-01-18 16:17:30 - [TEST_STEP][PASSED] - sendRequestAndVerify(findTestObject("Add product", ["productName":"Produkt_testowy5"])): Send request and verify the response successfully

2019-01-18 16:17:31 - [TEST_CASE][PASSED] - Start Test Case : Verification: Verification accomplished successfully

2019-01-18 16:17:31 - [TEST_STEP][PASSED] - request = getInstance().getCurrentRequest(): null

2019-01-18 16:17:31 - [TEST_STEP][PASSED] - response = getInstance().getCurrentResponse(): null

2019-01-18 16:17:31 - [TEST_STEP][PASSED] - verifyResponseStatusCode(response, 200): Verify response status code successfully

2019-01-18 16:17:31 - [MESSAGE][PASSED] - Verify response status code successfully

2019-01-18 16:17:31 - [MESSAGE][PASSED] - Verify response successfully

2019-01-18 16:17:31 - [MESSAGE][PASSED] - Send request and verify the response successfully

2019-01-18 16:17:31 - [TEST_STEP][PASSED] - response = sendRequestAndVerify(findTestObject("Get products", ["productsNames":[]])): Send request and verify the response successfully

2019-01-18 16:17:31 - [TEST_CASE][PASSED] - Start Test Case : Verification: Verification accomplished successfully

2019-01-18 16:17:31 - [TEST_STEP][PASSED] - request = getInstance().getCurrentRequest(): null

2019-01-18 16:17:31 - [TEST_STEP][PASSED] - response = getInstance().getCurrentResponse(): null

2019-01-18 16:17:31 - [TEST_STEP][PASSED] - verifyResponseStatusCode(response, 200): Verify response status code successfully

2019-01-18 16:17:31 - [MESSAGE][PASSED] - Verify response status code successfully

2019-01-18 16:17:31 - [TEST_STEP][PASSED] - jsonSlurper = new groovy.json.JsonSlurper(): null

2019-01-18 16:17:31 - [TEST_STEP][PASSED] - products = jsonSlurper.parseText(response.getResponseText()): null

2019-01-18 16:17:31 - [TEST_STEP][PASSED] - variables = request.getVariables(): null

2019-01-18 16:17:31 - [TEST_STEP][PASSED] - productNames = variables.get("productsNames"): null

2019-01-18 16:17:31 - [TEST_STEP][PASSED] - productsExists = new java.util.ArrayList(productNames.size()): null

2019-01-18 16:17:31 - [TEST_STEP][PASSED] - for (def name : productNames): null

2019-01-18 16:17:31 - [MESSAGE][PASSED] - Verify response successfully

2019-01-18 16:17:31 - [MESSAGE][PASSED] - Send request and verify the response successfully

2019-01-18 16:17:31 - [TEST_STEP][PASSED] - jsonSlurper = new groovy.json.JsonSlurper(): null

2019-01-18 16:17:31 - [TEST_STEP][PASSED] - products = jsonSlurper.parseText(response.getResponseText()): null

2019-01-18 16:17:31 - [TEST_STEP][PASSED] - p5 = products.find({ java.lang.Object p -> ... }): null

2019-01-18 16:17:31 - [TEST_STEP][PASSED] - assert p5 != null : "Produkt_testowy5 does not exist": null

2019-01-18 16:17:31 - [TEST_STEP][PASSED] - sendRequestAndVerify(findTestObject("Delete product", ["productId":$p5.id])): Send request and verify the response successfully

2019-01-18 16:17:32 - [TEST_CASE][PASSED] - Start Test Case : Verification: Verification accomplished successfully

2019-01-18 16:17:32 - [TEST_STEP][PASSED] - request = getInstance().getCurrentRequest(): null

2019-01-18 16:17:32 - [TEST_STEP][PASSED] - response = getInstance().getCurrentResponse(): null

2019-01-18 16:17:32 - [TEST_STEP][PASSED] - verifyResponseStatusCode(response, 200): Verify response status code successfully

2019-01-18 16:17:32 - [MESSAGE][PASSED] - Verify response status code successfully

2019-01-18 16:17:32 - [MESSAGE][PASSED] - Verify response successfully

2019-01-18 16:17:32 - [MESSAGE][PASSED] - Send request and verify the response successfully

2019-01-18 16:17:32 - [TEST_STEP][PASSED] - response = sendRequest(findTestObject("Get product", ["productId":$p5.id])): Send request successfully

2019-01-18 16:17:32 - [MESSAGE][INFO] - HAR: /Users/klusm/Documents/agh/Testowanie/shop-zpw-tests/shop-zpw-tests/Reports/Rest API Integration Tests/20190118_161716/requests/main/3.har

2019-01-18 16:17:32 - [MESSAGE][PASSED] - Send request successfully

2019-01-18 16:17:32 - [TEST_STEP][PASSED] - assert response.getResponseText() == "null" : "Response text is not null": null

2019-01-18 16:17:32 - [TEST_STEP][FAILED] - verifyResponseStatusCode(response, 404): verifyResponseStatusCode(response, 404) FAILED.
Reason:
com.kms.katalon.core.exception.StepFailedException: Unable to verify response status code (Root cause: com.kms.katalon.core.exception.StepFailedException: Expected status code is '404' but actual status code is '200')
	at com.kms.katalon.core.keyword.internal.KeywordMain.stepFailed(KeywordMain.groovy:36)
	at com.kms.katalon.core.keyword.internal.KeywordMain.stepFailed(KeywordMain.groovy)
	at com.kms.katalon.core.keyword.internal.KeywordMain.runKeyword(KeywordMain.groovy:56)
	at com.kms.katalon.core.webservice.keyword.builtin.VerifyResponseStatusCodeKeyword.verifyResponseStatusCode(VerifyResponseStatusCodeKeyword.groovy:37)
	at com.kms.katalon.core.webservice.keyword.builtin.VerifyResponseStatusCodeKeyword.execute(VerifyResponseStatusCodeKeyword.groovy:32)
	at com.kms.katalon.core.keyword.internal.KeywordExecutor.executeKeywordForPlatform(KeywordExecutor.groovy:53)
	at com.kms.katalon.core.webservice.keyword.WSBuiltInKeywords.verifyResponseStatusCode(WSBuiltInKeywords.groovy:212)
	at com.kms.katalon.core.webservice.keyword.WSBuiltInKeywords$verifyResponseStatusCode$0.call(Unknown Source)
	at 5DeleteProduct.run(5DeleteProduct:37)
	at com.kms.katalon.core.main.ScriptEngine.run(ScriptEngine.java:194)
	at com.kms.katalon.core.main.ScriptEngine.runScriptAsRawText(ScriptEngine.java:119)
	at com.kms.katalon.core.main.TestCaseExecutor.runScript(TestCaseExecutor.java:328)
	at com.kms.katalon.core.main.TestCaseExecutor.doExecute(TestCaseExecutor.java:319)
	at com.kms.katalon.core.main.TestCaseExecutor.processExecutionPhase(TestCaseExecutor.java:298)
	at com.kms.katalon.core.main.TestCaseExecutor.accessMainPhase(TestCaseExecutor.java:290)
	at com.kms.katalon.core.main.TestCaseExecutor.execute(TestCaseExecutor.java:224)
	at com.kms.katalon.core.main.TestSuiteExecutor.accessTestCaseMainPhase(TestSuiteExecutor.java:129)
	at com.kms.katalon.core.main.TestSuiteExecutor.accessTestSuiteMainPhase(TestSuiteExecutor.java:112)
	at com.kms.katalon.core.main.TestSuiteExecutor.execute(TestSuiteExecutor.java:81)
	at com.kms.katalon.core.main.TestCaseMain.startTestSuite(TestCaseMain.java:149)
	at com.kms.katalon.core.main.TestCaseMain$startTestSuite$0.call(Unknown Source)
	at TempTestSuite1547824636810.run(TempTestSuite1547824636810.groovy:36)


2019-01-18 16:17:32 - [MESSAGE][FAILED] - Expected status code is '404' but actual status code is '200'

2019-01-18 16:17:32 - [MESSAGE][FAILED] - Unable to verify response status code (Root cause: com.kms.katalon.core.exception.StepFailedException: Expected status code is '404' but actual status code is '200')

2019-01-18 16:17:32 - [MESSAGE][FAILED] - verifyResponseStatusCode(response, 404) FAILED.
Reason:
com.kms.katalon.core.exception.StepFailedException: Unable to verify response status code (Root cause: com.kms.katalon.core.exception.StepFailedException: Expected status code is '404' but actual status code is '200')
	at com.kms.katalon.core.keyword.internal.KeywordMain.stepFailed(KeywordMain.groovy:36)
	at com.kms.katalon.core.keyword.internal.KeywordMain.stepFailed(KeywordMain.groovy)
	at com.kms.katalon.core.keyword.internal.KeywordMain.runKeyword(KeywordMain.groovy:56)
	at com.kms.katalon.core.webservice.keyword.builtin.VerifyResponseStatusCodeKeyword.verifyResponseStatusCode(VerifyResponseStatusCodeKeyword.groovy:37)
	at com.kms.katalon.core.webservice.keyword.builtin.VerifyResponseStatusCodeKeyword.execute(VerifyResponseStatusCodeKeyword.groovy:32)
	at com.kms.katalon.core.keyword.internal.KeywordExecutor.executeKeywordForPlatform(KeywordExecutor.groovy:53)
	at com.kms.katalon.core.webservice.keyword.WSBuiltInKeywords.verifyResponseStatusCode(WSBuiltInKeywords.groovy:212)
	at com.kms.katalon.core.webservice.keyword.WSBuiltInKeywords$verifyResponseStatusCode$0.call(Unknown Source)
	at 5DeleteProduct.run(5DeleteProduct:37)
	at com.kms.katalon.core.main.ScriptEngine.run(ScriptEngine.java:194)
	at com.kms.katalon.core.main.ScriptEngine.runScriptAsRawText(ScriptEngine.java:119)
	at com.kms.katalon.core.main.TestCaseExecutor.runScript(TestCaseExecutor.java:328)
	at com.kms.katalon.core.main.TestCaseExecutor.doExecute(TestCaseExecutor.java:319)
	at com.kms.katalon.core.main.TestCaseExecutor.processExecutionPhase(TestCaseExecutor.java:298)
	at com.kms.katalon.core.main.TestCaseExecutor.accessMainPhase(TestCaseExecutor.java:290)
	at com.kms.katalon.core.main.TestCaseExecutor.execute(TestCaseExecutor.java:224)
	at com.kms.katalon.core.main.TestSuiteExecutor.accessTestCaseMainPhase(TestSuiteExecutor.java:129)
	at com.kms.katalon.core.main.TestSuiteExecutor.accessTestSuiteMainPhase(TestSuiteExecutor.java:112)
	at com.kms.katalon.core.main.TestSuiteExecutor.execute(TestSuiteExecutor.java:81)
	at com.kms.katalon.core.main.TestCaseMain.startTestSuite(TestCaseMain.java:149)
	at com.kms.katalon.core.main.TestCaseMain$startTestSuite$0.call(Unknown Source)
	at TempTestSuite1547824636810.run(TempTestSuite1547824636810.groovy:36)]]></system-out>
         <system-err><![CDATA[2019-01-18 16:17:30 - [TEST_CASE][FAILED] - Test Cases/5DeleteProduct: Test Cases/5DeleteProduct FAILED.
Reason:
com.kms.katalon.core.exception.StepFailedException: Unable to verify response status code (Root cause: com.kms.katalon.core.exception.StepFailedException: Expected status code is '404' but actual status code is '200')
	at com.kms.katalon.core.keyword.internal.KeywordMain.stepFailed(KeywordMain.groovy:36)
	at com.kms.katalon.core.keyword.internal.KeywordMain.stepFailed(KeywordMain.groovy)
	at com.kms.katalon.core.keyword.internal.KeywordMain.runKeyword(KeywordMain.groovy:56)
	at com.kms.katalon.core.webservice.keyword.builtin.VerifyResponseStatusCodeKeyword.verifyResponseStatusCode(VerifyResponseStatusCodeKeyword.groovy:37)
	at com.kms.katalon.core.webservice.keyword.builtin.VerifyResponseStatusCodeKeyword.execute(VerifyResponseStatusCodeKeyword.groovy:32)
	at com.kms.katalon.core.keyword.internal.KeywordExecutor.executeKeywordForPlatform(KeywordExecutor.groovy:53)
	at com.kms.katalon.core.webservice.keyword.WSBuiltInKeywords.verifyResponseStatusCode(WSBuiltInKeywords.groovy:212)
	at com.kms.katalon.core.webservice.keyword.WSBuiltInKeywords$verifyResponseStatusCode$0.call(Unknown Source)
	at 5DeleteProduct.run(5DeleteProduct:37)
	at com.kms.katalon.core.main.ScriptEngine.run(ScriptEngine.java:194)
	at com.kms.katalon.core.main.ScriptEngine.runScriptAsRawText(ScriptEngine.java:119)
	at com.kms.katalon.core.main.TestCaseExecutor.runScript(TestCaseExecutor.java:328)
	at com.kms.katalon.core.main.TestCaseExecutor.doExecute(TestCaseExecutor.java:319)
	at com.kms.katalon.core.main.TestCaseExecutor.processExecutionPhase(TestCaseExecutor.java:298)
	at com.kms.katalon.core.main.TestCaseExecutor.accessMainPhase(TestCaseExecutor.java:290)
	at com.kms.katalon.core.main.TestCaseExecutor.execute(TestCaseExecutor.java:224)
	at com.kms.katalon.core.main.TestSuiteExecutor.accessTestCaseMainPhase(TestSuiteExecutor.java:129)
	at com.kms.katalon.core.main.TestSuiteExecutor.accessTestSuiteMainPhase(TestSuiteExecutor.java:112)
	at com.kms.katalon.core.main.TestSuiteExecutor.execute(TestSuiteExecutor.java:81)
	at com.kms.katalon.core.main.TestCaseMain.startTestSuite(TestCaseMain.java:149)
	at com.kms.katalon.core.main.TestCaseMain$startTestSuite$0.call(Unknown Source)
	at TempTestSuite1547824636810.run(TempTestSuite1547824636810.groovy:36)]]></system-err>
      </testcase>
      <testcase name="Test Cases/6PutProduct" classname="Test Cases/6PutProduct" status="PASSED">
         <system-out><![CDATA[2019-01-18 16:17:32 - [TEST_CASE][PASSED] - Test Cases/6PutProduct: Test Cases/6PutProduct

2019-01-18 16:17:32 - [TEST_STEP][PASSED] - sendRequestAndVerify(findTestObject("Add product", ["productName":"Produkt_testowy6"])): Send request and verify the response successfully

2019-01-18 16:17:33 - [TEST_CASE][PASSED] - Start Test Case : Verification: Verification accomplished successfully

2019-01-18 16:17:33 - [TEST_STEP][PASSED] - request = getInstance().getCurrentRequest(): null

2019-01-18 16:17:33 - [TEST_STEP][PASSED] - response = getInstance().getCurrentResponse(): null

2019-01-18 16:17:33 - [TEST_STEP][PASSED] - verifyResponseStatusCode(response, 200): Verify response status code successfully

2019-01-18 16:17:33 - [MESSAGE][PASSED] - Verify response status code successfully

2019-01-18 16:17:33 - [MESSAGE][PASSED] - Verify response successfully

2019-01-18 16:17:33 - [MESSAGE][PASSED] - Send request and verify the response successfully

2019-01-18 16:17:33 - [TEST_STEP][PASSED] - response = sendRequestAndVerify(findTestObject("Get products", ["productsNames":[]])): Send request and verify the response successfully

2019-01-18 16:17:34 - [TEST_CASE][PASSED] - Start Test Case : Verification: Verification accomplished successfully

2019-01-18 16:17:34 - [TEST_STEP][PASSED] - request = getInstance().getCurrentRequest(): null

2019-01-18 16:17:34 - [TEST_STEP][PASSED] - response = getInstance().getCurrentResponse(): null

2019-01-18 16:17:34 - [TEST_STEP][PASSED] - verifyResponseStatusCode(response, 200): Verify response status code successfully

2019-01-18 16:17:34 - [MESSAGE][PASSED] - Verify response status code successfully

2019-01-18 16:17:34 - [TEST_STEP][PASSED] - jsonSlurper = new groovy.json.JsonSlurper(): null

2019-01-18 16:17:34 - [TEST_STEP][PASSED] - products = jsonSlurper.parseText(response.getResponseText()): null

2019-01-18 16:17:34 - [TEST_STEP][PASSED] - variables = request.getVariables(): null

2019-01-18 16:17:34 - [TEST_STEP][PASSED] - productNames = variables.get("productsNames"): null

2019-01-18 16:17:34 - [TEST_STEP][PASSED] - productsExists = new java.util.ArrayList(productNames.size()): null

2019-01-18 16:17:34 - [TEST_STEP][PASSED] - for (def name : productNames): null

2019-01-18 16:17:34 - [MESSAGE][PASSED] - Verify response successfully

2019-01-18 16:17:34 - [MESSAGE][PASSED] - Send request and verify the response successfully

2019-01-18 16:17:34 - [TEST_STEP][PASSED] - jsonSlurper = new groovy.json.JsonSlurper(): null

2019-01-18 16:17:34 - [TEST_STEP][PASSED] - products = jsonSlurper.parseText(response.getResponseText()): null

2019-01-18 16:17:34 - [TEST_STEP][PASSED] - p6 = products.find({ java.lang.Object p -> ... }): null

2019-01-18 16:17:34 - [TEST_STEP][PASSED] - assert p6 != null : "Produkt_testowy6 does not exist": null

2019-01-18 16:17:34 - [TEST_STEP][PASSED] - sendRequestAndVerify(findTestObject("Put product", ["productId":$p6.id, "name":$p6.name, "description":"opis_edytowany", "products_quantity":10, "price":12, "category":"sport"])): Send request and verify the response successfully

2019-01-18 16:17:34 - [TEST_CASE][PASSED] - Start Test Case : Verification: Verification accomplished successfully

2019-01-18 16:17:34 - [TEST_STEP][PASSED] - request = getInstance().getCurrentRequest(): null

2019-01-18 16:17:34 - [TEST_STEP][PASSED] - response = getInstance().getCurrentResponse(): null

2019-01-18 16:17:34 - [MESSAGE][PASSED] - Verify response successfully

2019-01-18 16:17:34 - [MESSAGE][PASSED] - Send request and verify the response successfully

2019-01-18 16:17:34 - [TEST_STEP][PASSED] - productResponse = sendRequestAndVerify(findTestObject("Get product", ["productId":$p6.id])): Send request and verify the response successfully

2019-01-18 16:17:35 - [TEST_CASE][PASSED] - Start Test Case : Verification: Verification accomplished successfully

2019-01-18 16:17:35 - [TEST_STEP][PASSED] - request = getInstance().getCurrentRequest(): null

2019-01-18 16:17:35 - [TEST_STEP][PASSED] - response = getInstance().getCurrentResponse(): null

2019-01-18 16:17:35 - [TEST_STEP][PASSED] - verifyResponseStatusCode(response, 200): Verify response status code successfully

2019-01-18 16:17:35 - [MESSAGE][PASSED] - Verify response status code successfully

2019-01-18 16:17:35 - [MESSAGE][PASSED] - Verify response successfully

2019-01-18 16:17:35 - [MESSAGE][PASSED] - Send request and verify the response successfully

2019-01-18 16:17:35 - [TEST_STEP][PASSED] - product = jsonSlurper.parseText(productResponse.getResponseText()): null

2019-01-18 16:17:35 - [TEST_STEP][PASSED] - assert product != null : "Produkt_testowy6 does not exist": null

2019-01-18 16:17:35 - [TEST_STEP][PASSED] - assert name == "Produkt_testowy6" : "Name property is not 'Produkt_testowy6'": null

2019-01-18 16:17:35 - [TEST_STEP][PASSED] - assert products_quantity == 10 : "products_quantity property is not 10": null

2019-01-18 16:17:35 - [TEST_STEP][PASSED] - assert price == 12 : "price property is not 12": null

2019-01-18 16:17:35 - [TEST_STEP][PASSED] - assert description == "opis_edytowany" : "description property is not 'opis_edytowany": null

2019-01-18 16:17:35 - [TEST_STEP][PASSED] - assert photo_url == "https://cdn.shopify.com/s/files/1/0010/9215/7503/t/10/assets/cbt2/images/result-clipboard.png?1029388024731289939" : "photo_url property is not 'https://cdn.shopify.com/s/files/1/0010/9215/7503/t/10/assets/cbt2/images/result-clipboard.png?1029388024731289939": null

2019-01-18 16:17:35 - [TEST_STEP][PASSED] - assert category == "sport" : "category property is not 'sport": null

2019-01-18 16:17:35 - [TEST_STEP][PASSED] - sendRequestAndVerify(findTestObject("Delete product", ["productId":$p6.id])): Send request and verify the response successfully

2019-01-18 16:17:35 - [TEST_CASE][PASSED] - Start Test Case : Verification: Verification accomplished successfully

2019-01-18 16:17:35 - [TEST_STEP][PASSED] - request = getInstance().getCurrentRequest(): null

2019-01-18 16:17:35 - [TEST_STEP][PASSED] - response = getInstance().getCurrentResponse(): null

2019-01-18 16:17:35 - [TEST_STEP][PASSED] - verifyResponseStatusCode(response, 200): Verify response status code successfully

2019-01-18 16:17:35 - [MESSAGE][PASSED] - Verify response status code successfully

2019-01-18 16:17:35 - [MESSAGE][PASSED] - Verify response successfully

2019-01-18 16:17:35 - [MESSAGE][PASSED] - Send request and verify the response successfully]]></system-out>
         <system-err><![CDATA[]]></system-err>
      </testcase>
      <testcase name="Test Cases/7GetOrders" classname="Test Cases/7GetOrders" status="PASSED">
         <system-out><![CDATA[2019-01-18 16:17:35 - [TEST_CASE][PASSED] - Test Cases/7GetOrders: Test Cases/7GetOrders

2019-01-18 16:17:35 - [TEST_STEP][PASSED] - responseOrder1 = sendRequestAndVerify(findTestObject("Add order")): Send request and verify the response successfully

2019-01-18 16:17:36 - [TEST_CASE][PASSED] - Start Test Case : Verification: Verification accomplished successfully

2019-01-18 16:17:36 - [TEST_STEP][PASSED] - request = getInstance().getCurrentRequest(): null

2019-01-18 16:17:36 - [TEST_STEP][PASSED] - response = getInstance().getCurrentResponse(): null

2019-01-18 16:17:36 - [TEST_STEP][PASSED] - verifyResponseStatusCode(response, 200): Verify response status code successfully

2019-01-18 16:17:36 - [MESSAGE][PASSED] - Verify response status code successfully

2019-01-18 16:17:36 - [MESSAGE][PASSED] - Verify response successfully

2019-01-18 16:17:36 - [MESSAGE][PASSED] - Send request and verify the response successfully

2019-01-18 16:17:36 - [TEST_STEP][PASSED] - responseOrder2 = sendRequestAndVerify(findTestObject("Add order")): Send request and verify the response successfully

2019-01-18 16:17:37 - [TEST_CASE][PASSED] - Start Test Case : Verification: Verification accomplished successfully

2019-01-18 16:17:37 - [TEST_STEP][PASSED] - request = getInstance().getCurrentRequest(): null

2019-01-18 16:17:37 - [TEST_STEP][PASSED] - response = getInstance().getCurrentResponse(): null

2019-01-18 16:17:37 - [TEST_STEP][PASSED] - verifyResponseStatusCode(response, 200): Verify response status code successfully

2019-01-18 16:17:37 - [MESSAGE][PASSED] - Verify response status code successfully

2019-01-18 16:17:37 - [MESSAGE][PASSED] - Verify response successfully

2019-01-18 16:17:37 - [MESSAGE][PASSED] - Send request and verify the response successfully

2019-01-18 16:17:37 - [TEST_STEP][PASSED] - jsonSlurper = new groovy.json.JsonSlurper(): null

2019-01-18 16:17:37 - [TEST_STEP][PASSED] - order1 = jsonSlurper.parseText(responseOrder1.getResponseText()): null

2019-01-18 16:17:37 - [TEST_STEP][PASSED] - order2 = jsonSlurper.parseText(responseOrder2.getResponseText()): null

2019-01-18 16:17:37 - [TEST_STEP][PASSED] - responseOrders = sendRequestAndVerify(findTestObject("Get orders", ["ordersIds":[$order1.id, $order2.id]])): Send request and verify the response successfully

2019-01-18 16:17:37 - [TEST_CASE][PASSED] - Start Test Case : Verification: Verification accomplished successfully

2019-01-18 16:17:37 - [TEST_STEP][PASSED] - request = getInstance().getCurrentRequest(): null

2019-01-18 16:17:37 - [TEST_STEP][PASSED] - response = getInstance().getCurrentResponse(): null

2019-01-18 16:17:37 - [TEST_STEP][PASSED] - verifyResponseStatusCode(response, 200): Verify response status code successfully

2019-01-18 16:17:37 - [MESSAGE][PASSED] - Verify response status code successfully

2019-01-18 16:17:37 - [TEST_STEP][PASSED] - jsonSlurper = new groovy.json.JsonSlurper(): null

2019-01-18 16:17:37 - [TEST_STEP][PASSED] - orders = jsonSlurper.parseText(response.getResponseText()): null

2019-01-18 16:17:37 - [TEST_STEP][PASSED] - variables = request.getVariables(): null

2019-01-18 16:17:37 - [TEST_STEP][PASSED] - ordersIds = variables.get("ordersIds"): null

2019-01-18 16:17:37 - [TEST_STEP][PASSED] - for (def id : ordersIds): null

2019-01-18 16:17:37 - [MESSAGE][PASSED] - Verify response successfully

2019-01-18 16:17:37 - [MESSAGE][PASSED] - Send request and verify the response successfully

2019-01-18 16:17:37 - [TEST_STEP][PASSED] - sendRequestAndVerify(findTestObject("Delete order", ["orderId":$order1.id])): Send request and verify the response successfully

2019-01-18 16:17:38 - [TEST_CASE][PASSED] - Start Test Case : Verification: Verification accomplished successfully

2019-01-18 16:17:38 - [TEST_STEP][PASSED] - request = getInstance().getCurrentRequest(): null

2019-01-18 16:17:38 - [TEST_STEP][PASSED] - response = getInstance().getCurrentResponse(): null

2019-01-18 16:17:38 - [TEST_STEP][PASSED] - verifyResponseStatusCode(response, 200): Verify response status code successfully

2019-01-18 16:17:38 - [MESSAGE][PASSED] - Verify response status code successfully

2019-01-18 16:17:38 - [MESSAGE][PASSED] - Verify response successfully

2019-01-18 16:17:38 - [MESSAGE][PASSED] - Send request and verify the response successfully

2019-01-18 16:17:38 - [TEST_STEP][PASSED] - sendRequestAndVerify(findTestObject("Delete order", ["orderId":$order2.id])): Send request and verify the response successfully

2019-01-18 16:17:38 - [TEST_CASE][PASSED] - Start Test Case : Verification: Verification accomplished successfully

2019-01-18 16:17:39 - [TEST_STEP][PASSED] - request = getInstance().getCurrentRequest(): null

2019-01-18 16:17:39 - [TEST_STEP][PASSED] - response = getInstance().getCurrentResponse(): null

2019-01-18 16:17:39 - [TEST_STEP][PASSED] - verifyResponseStatusCode(response, 200): Verify response status code successfully

2019-01-18 16:17:39 - [MESSAGE][PASSED] - Verify response status code successfully

2019-01-18 16:17:39 - [MESSAGE][PASSED] - Verify response successfully

2019-01-18 16:17:39 - [MESSAGE][PASSED] - Send request and verify the response successfully]]></system-out>
         <system-err><![CDATA[]]></system-err>
      </testcase>
      <testcase name="Test Cases/8AddOrder" classname="Test Cases/8AddOrder" status="PASSED">
         <system-out><![CDATA[2019-01-18 16:17:39 - [TEST_CASE][PASSED] - Test Cases/8AddOrder: Test Cases/8AddOrder

2019-01-18 16:17:39 - [TEST_STEP][PASSED] - responseOrder = sendRequestAndVerify(findTestObject("Add order")): Send request and verify the response successfully

2019-01-18 16:17:39 - [TEST_CASE][PASSED] - Start Test Case : Verification: Verification accomplished successfully

2019-01-18 16:17:39 - [TEST_STEP][PASSED] - request = getInstance().getCurrentRequest(): null

2019-01-18 16:17:39 - [TEST_STEP][PASSED] - response = getInstance().getCurrentResponse(): null

2019-01-18 16:17:39 - [TEST_STEP][PASSED] - verifyResponseStatusCode(response, 200): Verify response status code successfully

2019-01-18 16:17:39 - [MESSAGE][PASSED] - Verify response status code successfully

2019-01-18 16:17:39 - [MESSAGE][PASSED] - Verify response successfully

2019-01-18 16:17:39 - [MESSAGE][PASSED] - Send request and verify the response successfully

2019-01-18 16:17:39 - [TEST_STEP][PASSED] - jsonSlurper = new groovy.json.JsonSlurper(): null

2019-01-18 16:17:39 - [TEST_STEP][PASSED] - order = jsonSlurper.parseText(responseOrder.getResponseText()): null

2019-01-18 16:17:39 - [TEST_STEP][PASSED] - response = sendRequestAndVerify(findTestObject("Get order", ["orderId":$order.id])): Send request and verify the response successfully

2019-01-18 16:17:40 - [TEST_CASE][PASSED] - Start Test Case : Verification: Verification accomplished successfully

2019-01-18 16:17:40 - [TEST_STEP][PASSED] - request = getInstance().getCurrentRequest(): null

2019-01-18 16:17:40 - [TEST_STEP][PASSED] - response = getInstance().getCurrentResponse(): null

2019-01-18 16:17:40 - [TEST_STEP][PASSED] - verifyResponseStatusCode(response, 200): Verify response status code successfully

2019-01-18 16:17:40 - [MESSAGE][PASSED] - Verify response status code successfully

2019-01-18 16:17:40 - [MESSAGE][PASSED] - Verify response successfully

2019-01-18 16:17:40 - [MESSAGE][PASSED] - Send request and verify the response successfully

2019-01-18 16:17:40 - [TEST_STEP][PASSED] - sendRequestAndVerify(findTestObject("Delete order", ["orderId":$order.id])): Send request and verify the response successfully

2019-01-18 16:17:40 - [TEST_CASE][PASSED] - Start Test Case : Verification: Verification accomplished successfully

2019-01-18 16:17:40 - [TEST_STEP][PASSED] - request = getInstance().getCurrentRequest(): null

2019-01-18 16:17:41 - [TEST_STEP][PASSED] - response = getInstance().getCurrentResponse(): null

2019-01-18 16:17:41 - [TEST_STEP][PASSED] - verifyResponseStatusCode(response, 200): Verify response status code successfully

2019-01-18 16:17:41 - [MESSAGE][PASSED] - Verify response status code successfully

2019-01-18 16:17:41 - [MESSAGE][PASSED] - Verify response successfully

2019-01-18 16:17:41 - [MESSAGE][PASSED] - Send request and verify the response successfully

2019-01-18 16:17:41 - [TEST_STEP][PASSED] - resultOrder = jsonSlurper.parseText(response.getResponseText()): null

2019-01-18 16:17:41 - [TEST_STEP][PASSED] - assert email == "admin@shop.com" : "Email should be admin@shop.com": null

2019-01-18 16:17:41 - [TEST_STEP][PASSED] - assert firstName == "Jan" : "First name should be Jan": null

2019-01-18 16:17:41 - [TEST_STEP][PASSED] - assert lastName == "Kowalski" : "Last name should be Kowalski": null

2019-01-18 16:17:41 - [TEST_STEP][PASSED] - assert city == "Krakw" : "City should be Krakw": null

2019-01-18 16:17:41 - [TEST_STEP][PASSED] - assert street == "Czarnowiejska, 12" : "Street should be Czarnowiejska, 12": null

2019-01-18 16:17:41 - [TEST_STEP][PASSED] - assert postalCode == "32-054" : "Postal code should be 32-054": null

2019-01-18 16:17:41 - [TEST_STEP][PASSED] - assert totalValue == 84 : "Total value should be 84": null

2019-01-18 16:17:41 - [TEST_STEP][PASSED] - assert state == "Waiting" : "State should be Waiting": null

2019-01-18 16:17:41 - [TEST_STEP][PASSED] - assert products.size() == 1 : "Products list size should be 1": null]]></system-out>
         <system-err><![CDATA[]]></system-err>
      </testcase>
      <testcase name="Test Cases/9GetOrder" classname="Test Cases/9GetOrder" status="PASSED">
         <system-out><![CDATA[2019-01-18 16:17:41 - [TEST_CASE][PASSED] - Test Cases/9GetOrder: Test Cases/9GetOrder

2019-01-18 16:17:41 - [TEST_STEP][PASSED] - responseOrder = sendRequestAndVerify(findTestObject("Add order")): Send request and verify the response successfully

2019-01-18 16:17:42 - [TEST_CASE][PASSED] - Start Test Case : Verification: Verification accomplished successfully

2019-01-18 16:17:42 - [TEST_STEP][PASSED] - request = getInstance().getCurrentRequest(): null

2019-01-18 16:17:42 - [TEST_STEP][PASSED] - response = getInstance().getCurrentResponse(): null

2019-01-18 16:17:42 - [TEST_STEP][PASSED] - verifyResponseStatusCode(response, 200): Verify response status code successfully

2019-01-18 16:17:42 - [MESSAGE][PASSED] - Verify response status code successfully

2019-01-18 16:17:42 - [MESSAGE][PASSED] - Verify response successfully

2019-01-18 16:17:42 - [MESSAGE][PASSED] - Send request and verify the response successfully

2019-01-18 16:17:42 - [TEST_STEP][PASSED] - jsonSlurper = new groovy.json.JsonSlurper(): null

2019-01-18 16:17:42 - [TEST_STEP][PASSED] - order = jsonSlurper.parseText(responseOrder.getResponseText()): null

2019-01-18 16:17:42 - [TEST_STEP][PASSED] - response = sendRequestAndVerify(findTestObject("Get order", ["orderId":$order.id])): Send request and verify the response successfully

2019-01-18 16:17:42 - [TEST_CASE][PASSED] - Start Test Case : Verification: Verification accomplished successfully

2019-01-18 16:17:42 - [TEST_STEP][PASSED] - request = getInstance().getCurrentRequest(): null

2019-01-18 16:17:42 - [TEST_STEP][PASSED] - response = getInstance().getCurrentResponse(): null

2019-01-18 16:17:42 - [TEST_STEP][PASSED] - verifyResponseStatusCode(response, 200): Verify response status code successfully

2019-01-18 16:17:42 - [MESSAGE][PASSED] - Verify response status code successfully

2019-01-18 16:17:42 - [MESSAGE][PASSED] - Verify response successfully

2019-01-18 16:17:42 - [MESSAGE][PASSED] - Send request and verify the response successfully

2019-01-18 16:17:42 - [TEST_STEP][PASSED] - sendRequestAndVerify(findTestObject("Delete order", ["orderId":$order.id])): Send request and verify the response successfully

2019-01-18 16:17:43 - [TEST_CASE][PASSED] - Start Test Case : Verification: Verification accomplished successfully

2019-01-18 16:17:43 - [TEST_STEP][PASSED] - request = getInstance().getCurrentRequest(): null

2019-01-18 16:17:43 - [TEST_STEP][PASSED] - response = getInstance().getCurrentResponse(): null

2019-01-18 16:17:43 - [TEST_STEP][PASSED] - verifyResponseStatusCode(response, 200): Verify response status code successfully

2019-01-18 16:17:43 - [MESSAGE][PASSED] - Verify response status code successfully

2019-01-18 16:17:43 - [MESSAGE][PASSED] - Verify response successfully

2019-01-18 16:17:43 - [MESSAGE][PASSED] - Send request and verify the response successfully

2019-01-18 16:17:43 - [TEST_STEP][PASSED] - resultOrder = jsonSlurper.parseText(response.getResponseText()): null

2019-01-18 16:17:43 - [TEST_STEP][PASSED] - assert email == "admin@shop.com" : "Email should be admin@shop.com": null

2019-01-18 16:17:43 - [TEST_STEP][PASSED] - assert firstName == "Jan" : "First name should be Jan": null

2019-01-18 16:17:43 - [TEST_STEP][PASSED] - assert lastName == "Kowalski" : "Last name should be Kowalski": null

2019-01-18 16:17:43 - [TEST_STEP][PASSED] - assert city == "Krakw" : "City should be Krakw": null

2019-01-18 16:17:43 - [TEST_STEP][PASSED] - assert street == "Czarnowiejska, 12" : "Street should be Czarnowiejska, 12": null

2019-01-18 16:17:43 - [TEST_STEP][PASSED] - assert postalCode == "32-054" : "Postal code should be 32-054": null

2019-01-18 16:17:43 - [TEST_STEP][PASSED] - assert totalValue == 84 : "Total value should be 84": null

2019-01-18 16:17:43 - [TEST_STEP][PASSED] - assert state == "Waiting" : "State should be Waiting": null

2019-01-18 16:17:43 - [TEST_STEP][PASSED] - assert products.size() == 1 : "Products list size should be 1": null]]></system-out>
         <system-err><![CDATA[]]></system-err>
      </testcase>
      <testcase name="Test Cases/10DeleteOrder" classname="Test Cases/10DeleteOrder" status="FAILED">
         <failure type="FAILED" message="Test Cases/10DeleteOrder FAILED.
Reason:
com.kms.katalon.core.exception.StepFailedException: Unable to verify response status code (Root cause: com.kms.katalon.core.exception.StepFailedException: Expected status code is '404' but actual status code is '200')
	at com.kms.katalon.core.keyword.internal.KeywordMain.stepFailed(KeywordMain.groovy:36)
	at com.kms.katalon.core.keyword.internal.KeywordMain.stepFailed(KeywordMain.groovy)
	at com.kms.katalon.core.keyword.internal.KeywordMain.runKeyword(KeywordMain.groovy:56)
	at com.kms.katalon.core.webservice.keyword.builtin.VerifyResponseStatusCodeKeyword.verifyResponseStatusCode(VerifyResponseStatusCodeKeyword.groovy:37)
	at com.kms.katalon.core.webservice.keyword.builtin.VerifyResponseStatusCodeKeyword.execute(VerifyResponseStatusCodeKeyword.groovy:32)
	at com.kms.katalon.core.keyword.internal.KeywordExecutor.executeKeywordForPlatform(KeywordExecutor.groovy:53)
	at com.kms.katalon.core.webservice.keyword.WSBuiltInKeywords.verifyResponseStatusCode(WSBuiltInKeywords.groovy:212)
	at com.kms.katalon.core.webservice.keyword.WSBuiltInKeywords$verifyResponseStatusCode$0.call(Unknown Source)
	at 10DeleteOrder.run(10DeleteOrder:29)
	at com.kms.katalon.core.main.ScriptEngine.run(ScriptEngine.java:194)
	at com.kms.katalon.core.main.ScriptEngine.runScriptAsRawText(ScriptEngine.java:119)
	at com.kms.katalon.core.main.TestCaseExecutor.runScript(TestCaseExecutor.java:328)
	at com.kms.katalon.core.main.TestCaseExecutor.doExecute(TestCaseExecutor.java:319)
	at com.kms.katalon.core.main.TestCaseExecutor.processExecutionPhase(TestCaseExecutor.java:298)
	at com.kms.katalon.core.main.TestCaseExecutor.accessMainPhase(TestCaseExecutor.java:290)
	at com.kms.katalon.core.main.TestCaseExecutor.execute(TestCaseExecutor.java:224)
	at com.kms.katalon.core.main.TestSuiteExecutor.accessTestCaseMainPhase(TestSuiteExecutor.java:129)
	at com.kms.katalon.core.main.TestSuiteExecutor.accessTestSuiteMainPhase(TestSuiteExecutor.java:112)
	at com.kms.katalon.core.main.TestSuiteExecutor.execute(TestSuiteExecutor.java:81)
	at com.kms.katalon.core.main.TestCaseMain.startTestSuite(TestCaseMain.java:149)
	at com.kms.katalon.core.main.TestCaseMain$startTestSuite$0.call(Unknown Source)
	at TempTestSuite1547824636810.run(TempTestSuite1547824636810.groovy:36)
"/>
         <system-out><![CDATA[2019-01-18 16:17:43 - [TEST_CASE][FAILED] - Test Cases/10DeleteOrder: Test Cases/10DeleteOrder FAILED.
Reason:
com.kms.katalon.core.exception.StepFailedException: Unable to verify response status code (Root cause: com.kms.katalon.core.exception.StepFailedException: Expected status code is '404' but actual status code is '200')
	at com.kms.katalon.core.keyword.internal.KeywordMain.stepFailed(KeywordMain.groovy:36)
	at com.kms.katalon.core.keyword.internal.KeywordMain.stepFailed(KeywordMain.groovy)
	at com.kms.katalon.core.keyword.internal.KeywordMain.runKeyword(KeywordMain.groovy:56)
	at com.kms.katalon.core.webservice.keyword.builtin.VerifyResponseStatusCodeKeyword.verifyResponseStatusCode(VerifyResponseStatusCodeKeyword.groovy:37)
	at com.kms.katalon.core.webservice.keyword.builtin.VerifyResponseStatusCodeKeyword.execute(VerifyResponseStatusCodeKeyword.groovy:32)
	at com.kms.katalon.core.keyword.internal.KeywordExecutor.executeKeywordForPlatform(KeywordExecutor.groovy:53)
	at com.kms.katalon.core.webservice.keyword.WSBuiltInKeywords.verifyResponseStatusCode(WSBuiltInKeywords.groovy:212)
	at com.kms.katalon.core.webservice.keyword.WSBuiltInKeywords$verifyResponseStatusCode$0.call(Unknown Source)
	at 10DeleteOrder.run(10DeleteOrder:29)
	at com.kms.katalon.core.main.ScriptEngine.run(ScriptEngine.java:194)
	at com.kms.katalon.core.main.ScriptEngine.runScriptAsRawText(ScriptEngine.java:119)
	at com.kms.katalon.core.main.TestCaseExecutor.runScript(TestCaseExecutor.java:328)
	at com.kms.katalon.core.main.TestCaseExecutor.doExecute(TestCaseExecutor.java:319)
	at com.kms.katalon.core.main.TestCaseExecutor.processExecutionPhase(TestCaseExecutor.java:298)
	at com.kms.katalon.core.main.TestCaseExecutor.accessMainPhase(TestCaseExecutor.java:290)
	at com.kms.katalon.core.main.TestCaseExecutor.execute(TestCaseExecutor.java:224)
	at com.kms.katalon.core.main.TestSuiteExecutor.accessTestCaseMainPhase(TestSuiteExecutor.java:129)
	at com.kms.katalon.core.main.TestSuiteExecutor.accessTestSuiteMainPhase(TestSuiteExecutor.java:112)
	at com.kms.katalon.core.main.TestSuiteExecutor.execute(TestSuiteExecutor.java:81)
	at com.kms.katalon.core.main.TestCaseMain.startTestSuite(TestCaseMain.java:149)
	at com.kms.katalon.core.main.TestCaseMain$startTestSuite$0.call(Unknown Source)
	at TempTestSuite1547824636810.run(TempTestSuite1547824636810.groovy:36)


2019-01-18 16:17:43 - [TEST_STEP][PASSED] - responseOrder = sendRequestAndVerify(findTestObject("Add order")): Send request and verify the response successfully

2019-01-18 16:17:44 - [TEST_CASE][PASSED] - Start Test Case : Verification: Verification accomplished successfully

2019-01-18 16:17:44 - [TEST_STEP][PASSED] - request = getInstance().getCurrentRequest(): null

2019-01-18 16:17:44 - [TEST_STEP][PASSED] - response = getInstance().getCurrentResponse(): null

2019-01-18 16:17:44 - [TEST_STEP][PASSED] - verifyResponseStatusCode(response, 200): Verify response status code successfully

2019-01-18 16:17:44 - [MESSAGE][PASSED] - Verify response status code successfully

2019-01-18 16:17:44 - [MESSAGE][PASSED] - Verify response successfully

2019-01-18 16:17:44 - [MESSAGE][PASSED] - Send request and verify the response successfully

2019-01-18 16:17:44 - [TEST_STEP][PASSED] - jsonSlurper = new groovy.json.JsonSlurper(): null

2019-01-18 16:17:44 - [TEST_STEP][PASSED] - order = jsonSlurper.parseText(responseOrder.getResponseText()): null

2019-01-18 16:17:44 - [TEST_STEP][PASSED] - sendRequestAndVerify(findTestObject("Delete order", ["orderId":$order.id])): Send request and verify the response successfully

2019-01-18 16:17:44 - [TEST_CASE][PASSED] - Start Test Case : Verification: Verification accomplished successfully

2019-01-18 16:17:44 - [TEST_STEP][PASSED] - request = getInstance().getCurrentRequest(): null

2019-01-18 16:17:44 - [TEST_STEP][PASSED] - response = getInstance().getCurrentResponse(): null

2019-01-18 16:17:44 - [TEST_STEP][PASSED] - verifyResponseStatusCode(response, 200): Verify response status code successfully

2019-01-18 16:17:44 - [MESSAGE][PASSED] - Verify response status code successfully

2019-01-18 16:17:44 - [MESSAGE][PASSED] - Verify response successfully

2019-01-18 16:17:44 - [MESSAGE][PASSED] - Send request and verify the response successfully

2019-01-18 16:17:44 - [TEST_STEP][PASSED] - response = sendRequest(findTestObject("Get order", ["orderId":$order.id])): Send request successfully

2019-01-18 16:17:45 - [MESSAGE][INFO] - HAR: /Users/klusm/Documents/agh/Testowanie/shop-zpw-tests/shop-zpw-tests/Reports/Rest API Integration Tests/20190118_161716/requests/main/4.har

2019-01-18 16:17:45 - [MESSAGE][PASSED] - Send request successfully

2019-01-18 16:17:45 - [TEST_STEP][PASSED] - assert response.getResponseText() == "null" : "Response should be null": null

2019-01-18 16:17:45 - [TEST_STEP][FAILED] - verifyResponseStatusCode(response, 404): verifyResponseStatusCode(response, 404) FAILED.
Reason:
com.kms.katalon.core.exception.StepFailedException: Unable to verify response status code (Root cause: com.kms.katalon.core.exception.StepFailedException: Expected status code is '404' but actual status code is '200')
	at com.kms.katalon.core.keyword.internal.KeywordMain.stepFailed(KeywordMain.groovy:36)
	at com.kms.katalon.core.keyword.internal.KeywordMain.stepFailed(KeywordMain.groovy)
	at com.kms.katalon.core.keyword.internal.KeywordMain.runKeyword(KeywordMain.groovy:56)
	at com.kms.katalon.core.webservice.keyword.builtin.VerifyResponseStatusCodeKeyword.verifyResponseStatusCode(VerifyResponseStatusCodeKeyword.groovy:37)
	at com.kms.katalon.core.webservice.keyword.builtin.VerifyResponseStatusCodeKeyword.execute(VerifyResponseStatusCodeKeyword.groovy:32)
	at com.kms.katalon.core.keyword.internal.KeywordExecutor.executeKeywordForPlatform(KeywordExecutor.groovy:53)
	at com.kms.katalon.core.webservice.keyword.WSBuiltInKeywords.verifyResponseStatusCode(WSBuiltInKeywords.groovy:212)
	at com.kms.katalon.core.webservice.keyword.WSBuiltInKeywords$verifyResponseStatusCode$0.call(Unknown Source)
	at 10DeleteOrder.run(10DeleteOrder:29)
	at com.kms.katalon.core.main.ScriptEngine.run(ScriptEngine.java:194)
	at com.kms.katalon.core.main.ScriptEngine.runScriptAsRawText(ScriptEngine.java:119)
	at com.kms.katalon.core.main.TestCaseExecutor.runScript(TestCaseExecutor.java:328)
	at com.kms.katalon.core.main.TestCaseExecutor.doExecute(TestCaseExecutor.java:319)
	at com.kms.katalon.core.main.TestCaseExecutor.processExecutionPhase(TestCaseExecutor.java:298)
	at com.kms.katalon.core.main.TestCaseExecutor.accessMainPhase(TestCaseExecutor.java:290)
	at com.kms.katalon.core.main.TestCaseExecutor.execute(TestCaseExecutor.java:224)
	at com.kms.katalon.core.main.TestSuiteExecutor.accessTestCaseMainPhase(TestSuiteExecutor.java:129)
	at com.kms.katalon.core.main.TestSuiteExecutor.accessTestSuiteMainPhase(TestSuiteExecutor.java:112)
	at com.kms.katalon.core.main.TestSuiteExecutor.execute(TestSuiteExecutor.java:81)
	at com.kms.katalon.core.main.TestCaseMain.startTestSuite(TestCaseMain.java:149)
	at com.kms.katalon.core.main.TestCaseMain$startTestSuite$0.call(Unknown Source)
	at TempTestSuite1547824636810.run(TempTestSuite1547824636810.groovy:36)


2019-01-18 16:17:45 - [MESSAGE][FAILED] - Expected status code is '404' but actual status code is '200'

2019-01-18 16:17:45 - [MESSAGE][FAILED] - Unable to verify response status code (Root cause: com.kms.katalon.core.exception.StepFailedException: Expected status code is '404' but actual status code is '200')

2019-01-18 16:17:45 - [MESSAGE][FAILED] - verifyResponseStatusCode(response, 404) FAILED.
Reason:
com.kms.katalon.core.exception.StepFailedException: Unable to verify response status code (Root cause: com.kms.katalon.core.exception.StepFailedException: Expected status code is '404' but actual status code is '200')
	at com.kms.katalon.core.keyword.internal.KeywordMain.stepFailed(KeywordMain.groovy:36)
	at com.kms.katalon.core.keyword.internal.KeywordMain.stepFailed(KeywordMain.groovy)
	at com.kms.katalon.core.keyword.internal.KeywordMain.runKeyword(KeywordMain.groovy:56)
	at com.kms.katalon.core.webservice.keyword.builtin.VerifyResponseStatusCodeKeyword.verifyResponseStatusCode(VerifyResponseStatusCodeKeyword.groovy:37)
	at com.kms.katalon.core.webservice.keyword.builtin.VerifyResponseStatusCodeKeyword.execute(VerifyResponseStatusCodeKeyword.groovy:32)
	at com.kms.katalon.core.keyword.internal.KeywordExecutor.executeKeywordForPlatform(KeywordExecutor.groovy:53)
	at com.kms.katalon.core.webservice.keyword.WSBuiltInKeywords.verifyResponseStatusCode(WSBuiltInKeywords.groovy:212)
	at com.kms.katalon.core.webservice.keyword.WSBuiltInKeywords$verifyResponseStatusCode$0.call(Unknown Source)
	at 10DeleteOrder.run(10DeleteOrder:29)
	at com.kms.katalon.core.main.ScriptEngine.run(ScriptEngine.java:194)
	at com.kms.katalon.core.main.ScriptEngine.runScriptAsRawText(ScriptEngine.java:119)
	at com.kms.katalon.core.main.TestCaseExecutor.runScript(TestCaseExecutor.java:328)
	at com.kms.katalon.core.main.TestCaseExecutor.doExecute(TestCaseExecutor.java:319)
	at com.kms.katalon.core.main.TestCaseExecutor.processExecutionPhase(TestCaseExecutor.java:298)
	at com.kms.katalon.core.main.TestCaseExecutor.accessMainPhase(TestCaseExecutor.java:290)
	at com.kms.katalon.core.main.TestCaseExecutor.execute(TestCaseExecutor.java:224)
	at com.kms.katalon.core.main.TestSuiteExecutor.accessTestCaseMainPhase(TestSuiteExecutor.java:129)
	at com.kms.katalon.core.main.TestSuiteExecutor.accessTestSuiteMainPhase(TestSuiteExecutor.java:112)
	at com.kms.katalon.core.main.TestSuiteExecutor.execute(TestSuiteExecutor.java:81)
	at com.kms.katalon.core.main.TestCaseMain.startTestSuite(TestCaseMain.java:149)
	at com.kms.katalon.core.main.TestCaseMain$startTestSuite$0.call(Unknown Source)
	at TempTestSuite1547824636810.run(TempTestSuite1547824636810.groovy:36)]]></system-out>
         <system-err><![CDATA[2019-01-18 16:17:43 - [TEST_CASE][FAILED] - Test Cases/10DeleteOrder: Test Cases/10DeleteOrder FAILED.
Reason:
com.kms.katalon.core.exception.StepFailedException: Unable to verify response status code (Root cause: com.kms.katalon.core.exception.StepFailedException: Expected status code is '404' but actual status code is '200')
	at com.kms.katalon.core.keyword.internal.KeywordMain.stepFailed(KeywordMain.groovy:36)
	at com.kms.katalon.core.keyword.internal.KeywordMain.stepFailed(KeywordMain.groovy)
	at com.kms.katalon.core.keyword.internal.KeywordMain.runKeyword(KeywordMain.groovy:56)
	at com.kms.katalon.core.webservice.keyword.builtin.VerifyResponseStatusCodeKeyword.verifyResponseStatusCode(VerifyResponseStatusCodeKeyword.groovy:37)
	at com.kms.katalon.core.webservice.keyword.builtin.VerifyResponseStatusCodeKeyword.execute(VerifyResponseStatusCodeKeyword.groovy:32)
	at com.kms.katalon.core.keyword.internal.KeywordExecutor.executeKeywordForPlatform(KeywordExecutor.groovy:53)
	at com.kms.katalon.core.webservice.keyword.WSBuiltInKeywords.verifyResponseStatusCode(WSBuiltInKeywords.groovy:212)
	at com.kms.katalon.core.webservice.keyword.WSBuiltInKeywords$verifyResponseStatusCode$0.call(Unknown Source)
	at 10DeleteOrder.run(10DeleteOrder:29)
	at com.kms.katalon.core.main.ScriptEngine.run(ScriptEngine.java:194)
	at com.kms.katalon.core.main.ScriptEngine.runScriptAsRawText(ScriptEngine.java:119)
	at com.kms.katalon.core.main.TestCaseExecutor.runScript(TestCaseExecutor.java:328)
	at com.kms.katalon.core.main.TestCaseExecutor.doExecute(TestCaseExecutor.java:319)
	at com.kms.katalon.core.main.TestCaseExecutor.processExecutionPhase(TestCaseExecutor.java:298)
	at com.kms.katalon.core.main.TestCaseExecutor.accessMainPhase(TestCaseExecutor.java:290)
	at com.kms.katalon.core.main.TestCaseExecutor.execute(TestCaseExecutor.java:224)
	at com.kms.katalon.core.main.TestSuiteExecutor.accessTestCaseMainPhase(TestSuiteExecutor.java:129)
	at com.kms.katalon.core.main.TestSuiteExecutor.accessTestSuiteMainPhase(TestSuiteExecutor.java:112)
	at com.kms.katalon.core.main.TestSuiteExecutor.execute(TestSuiteExecutor.java:81)
	at com.kms.katalon.core.main.TestCaseMain.startTestSuite(TestCaseMain.java:149)
	at com.kms.katalon.core.main.TestCaseMain$startTestSuite$0.call(Unknown Source)
	at TempTestSuite1547824636810.run(TempTestSuite1547824636810.groovy:36)]]></system-err>
      </testcase>
      <testcase name="Test Cases/11PutOrder" classname="Test Cases/11PutOrder" status="PASSED">
         <system-out><![CDATA[2019-01-18 16:17:45 - [TEST_CASE][PASSED] - Test Cases/11PutOrder: Test Cases/11PutOrder

2019-01-18 16:17:45 - [TEST_STEP][PASSED] - responseOrder = sendRequestAndVerify(findTestObject("Add order")): Send request and verify the response successfully

2019-01-18 16:17:45 - [TEST_CASE][PASSED] - Start Test Case : Verification: Verification accomplished successfully

2019-01-18 16:17:45 - [TEST_STEP][PASSED] - request = getInstance().getCurrentRequest(): null

2019-01-18 16:17:45 - [TEST_STEP][PASSED] - response = getInstance().getCurrentResponse(): null

2019-01-18 16:17:45 - [TEST_STEP][PASSED] - verifyResponseStatusCode(response, 200): Verify response status code successfully

2019-01-18 16:17:45 - [MESSAGE][PASSED] - Verify response status code successfully

2019-01-18 16:17:45 - [MESSAGE][PASSED] - Verify response successfully

2019-01-18 16:17:45 - [MESSAGE][PASSED] - Send request and verify the response successfully

2019-01-18 16:17:45 - [TEST_STEP][PASSED] - jsonSlurper = new groovy.json.JsonSlurper(): null

2019-01-18 16:17:45 - [TEST_STEP][PASSED] - order = jsonSlurper.parseText(responseOrder.getResponseText()): null

2019-01-18 16:17:45 - [TEST_STEP][PASSED] - sendRequestAndVerify(findTestObject("Put order", ["orderId":$order.id, "state":"In realization"])): Send request and verify the response successfully

2019-01-18 16:17:46 - [TEST_CASE][PASSED] - Start Test Case : Verification: Verification accomplished successfully

2019-01-18 16:17:46 - [TEST_STEP][PASSED] - request = getInstance().getCurrentRequest(): null

2019-01-18 16:17:46 - [TEST_STEP][PASSED] - response = getInstance().getCurrentResponse(): null

2019-01-18 16:17:46 - [MESSAGE][PASSED] - Verify response successfully

2019-01-18 16:17:46 - [MESSAGE][PASSED] - Send request and verify the response successfully

2019-01-18 16:17:46 - [TEST_STEP][PASSED] - response = sendRequestAndVerify(findTestObject("Get order", ["orderId":$order.id])): Send request and verify the response successfully

2019-01-18 16:17:46 - [TEST_CASE][PASSED] - Start Test Case : Verification: Verification accomplished successfully

2019-01-18 16:17:46 - [TEST_STEP][PASSED] - request = getInstance().getCurrentRequest(): null

2019-01-18 16:17:46 - [TEST_STEP][PASSED] - response = getInstance().getCurrentResponse(): null

2019-01-18 16:17:46 - [TEST_STEP][PASSED] - verifyResponseStatusCode(response, 200): Verify response status code successfully

2019-01-18 16:17:46 - [MESSAGE][PASSED] - Verify response status code successfully

2019-01-18 16:17:46 - [MESSAGE][PASSED] - Verify response successfully

2019-01-18 16:17:46 - [MESSAGE][PASSED] - Send request and verify the response successfully

2019-01-18 16:17:46 - [TEST_STEP][PASSED] - sendRequestAndVerify(findTestObject("Delete order", ["orderId":$order.id])): Send request and verify the response successfully

2019-01-18 16:17:47 - [TEST_CASE][PASSED] - Start Test Case : Verification: Verification accomplished successfully

2019-01-18 16:17:47 - [TEST_STEP][PASSED] - request = getInstance().getCurrentRequest(): null

2019-01-18 16:17:47 - [TEST_STEP][PASSED] - response = getInstance().getCurrentResponse(): null

2019-01-18 16:17:47 - [TEST_STEP][PASSED] - verifyResponseStatusCode(response, 200): Verify response status code successfully

2019-01-18 16:17:47 - [MESSAGE][PASSED] - Verify response status code successfully

2019-01-18 16:17:47 - [MESSAGE][PASSED] - Verify response successfully

2019-01-18 16:17:47 - [MESSAGE][PASSED] - Send request and verify the response successfully

2019-01-18 16:17:47 - [TEST_STEP][PASSED] - resultOrder = jsonSlurper.parseText(response.getResponseText()): null

2019-01-18 16:17:47 - [TEST_STEP][PASSED] - assert email == "admin@shop.com" : "Email should be admin@shop.com": null

2019-01-18 16:17:47 - [TEST_STEP][PASSED] - assert firstName == "Jan" : "First name should be Jan": null

2019-01-18 16:17:47 - [TEST_STEP][PASSED] - assert lastName == "Kowalski" : "Last name should be Kowalski": null

2019-01-18 16:17:47 - [TEST_STEP][PASSED] - assert city == "Krakw" : "City should be Krakw": null

2019-01-18 16:17:47 - [TEST_STEP][PASSED] - assert street == "Czarnowiejska, 12" : "Street should be Czarnowiejska, 12": null

2019-01-18 16:17:47 - [TEST_STEP][PASSED] - assert postalCode == "32-054" : "Postal code should be 32-054": null

2019-01-18 16:17:47 - [TEST_STEP][PASSED] - assert totalValue == 84 : "Total value should be 84": null

2019-01-18 16:17:47 - [TEST_STEP][PASSED] - assert state == "In realization" : "State should be In realization": null

2019-01-18 16:17:47 - [TEST_STEP][PASSED] - assert products.size() == 1 : "Products list size should be 1": null]]></system-out>
         <system-err><![CDATA[]]></system-err>
      </testcase>
      <system-out><![CDATA[2019-01-18 16:17:18 - [TEST_SUITE][FAILED] - Rest API Integration Tests: Test Cases/5DeleteProduct FAILED.
Reason:
com.kms.katalon.core.exception.StepFailedException: Unable to verify response status code (Root cause: com.kms.katalon.core.exception.StepFailedException: Expected status code is '404' but actual status code is '200')
	at com.kms.katalon.core.keyword.internal.KeywordMain.stepFailed(KeywordMain.groovy:36)
	at com.kms.katalon.core.keyword.internal.KeywordMain.stepFailed(KeywordMain.groovy)
	at com.kms.katalon.core.keyword.internal.KeywordMain.runKeyword(KeywordMain.groovy:56)
	at com.kms.katalon.core.webservice.keyword.builtin.VerifyResponseStatusCodeKeyword.verifyResponseStatusCode(VerifyResponseStatusCodeKeyword.groovy:37)
	at com.kms.katalon.core.webservice.keyword.builtin.VerifyResponseStatusCodeKeyword.execute(VerifyResponseStatusCodeKeyword.groovy:32)
	at com.kms.katalon.core.keyword.internal.KeywordExecutor.executeKeywordForPlatform(KeywordExecutor.groovy:53)
	at com.kms.katalon.core.webservice.keyword.WSBuiltInKeywords.verifyResponseStatusCode(WSBuiltInKeywords.groovy:212)
	at com.kms.katalon.core.webservice.keyword.WSBuiltInKeywords$verifyResponseStatusCode$0.call(Unknown Source)
	at 5DeleteProduct.run(5DeleteProduct:37)
	at com.kms.katalon.core.main.ScriptEngine.run(ScriptEngine.java:194)
	at com.kms.katalon.core.main.ScriptEngine.runScriptAsRawText(ScriptEngine.java:119)
	at com.kms.katalon.core.main.TestCaseExecutor.runScript(TestCaseExecutor.java:328)
	at com.kms.katalon.core.main.TestCaseExecutor.doExecute(TestCaseExecutor.java:319)
	at com.kms.katalon.core.main.TestCaseExecutor.processExecutionPhase(TestCaseExecutor.java:298)
	at com.kms.katalon.core.main.TestCaseExecutor.accessMainPhase(TestCaseExecutor.java:290)
	at com.kms.katalon.core.main.TestCaseExecutor.execute(TestCaseExecutor.java:224)
	at com.kms.katalon.core.main.TestSuiteExecutor.accessTestCaseMainPhase(TestSuiteExecutor.java:129)
	at com.kms.katalon.core.main.TestSuiteExecutor.accessTestSuiteMainPhase(TestSuiteExecutor.java:112)
	at com.kms.katalon.core.main.TestSuiteExecutor.execute(TestSuiteExecutor.java:81)
	at com.kms.katalon.core.main.TestCaseMain.startTestSuite(TestCaseMain.java:149)
	at com.kms.katalon.core.main.TestCaseMain$startTestSuite$0.call(Unknown Source)
	at TempTestSuite1547824636810.run(TempTestSuite1547824636810.groovy:36)]]></system-out>
      <system-err><![CDATA[2019-01-18 16:17:18 - [TEST_SUITE][FAILED] - Rest API Integration Tests: Test Cases/5DeleteProduct FAILED.
Reason:
com.kms.katalon.core.exception.StepFailedException: Unable to verify response status code (Root cause: com.kms.katalon.core.exception.StepFailedException: Expected status code is '404' but actual status code is '200')
	at com.kms.katalon.core.keyword.internal.KeywordMain.stepFailed(KeywordMain.groovy:36)
	at com.kms.katalon.core.keyword.internal.KeywordMain.stepFailed(KeywordMain.groovy)
	at com.kms.katalon.core.keyword.internal.KeywordMain.runKeyword(KeywordMain.groovy:56)
	at com.kms.katalon.core.webservice.keyword.builtin.VerifyResponseStatusCodeKeyword.verifyResponseStatusCode(VerifyResponseStatusCodeKeyword.groovy:37)
	at com.kms.katalon.core.webservice.keyword.builtin.VerifyResponseStatusCodeKeyword.execute(VerifyResponseStatusCodeKeyword.groovy:32)
	at com.kms.katalon.core.keyword.internal.KeywordExecutor.executeKeywordForPlatform(KeywordExecutor.groovy:53)
	at com.kms.katalon.core.webservice.keyword.WSBuiltInKeywords.verifyResponseStatusCode(WSBuiltInKeywords.groovy:212)
	at com.kms.katalon.core.webservice.keyword.WSBuiltInKeywords$verifyResponseStatusCode$0.call(Unknown Source)
	at 5DeleteProduct.run(5DeleteProduct:37)
	at com.kms.katalon.core.main.ScriptEngine.run(ScriptEngine.java:194)
	at com.kms.katalon.core.main.ScriptEngine.runScriptAsRawText(ScriptEngine.java:119)
	at com.kms.katalon.core.main.TestCaseExecutor.runScript(TestCaseExecutor.java:328)
	at com.kms.katalon.core.main.TestCaseExecutor.doExecute(TestCaseExecutor.java:319)
	at com.kms.katalon.core.main.TestCaseExecutor.processExecutionPhase(TestCaseExecutor.java:298)
	at com.kms.katalon.core.main.TestCaseExecutor.accessMainPhase(TestCaseExecutor.java:290)
	at com.kms.katalon.core.main.TestCaseExecutor.execute(TestCaseExecutor.java:224)
	at com.kms.katalon.core.main.TestSuiteExecutor.accessTestCaseMainPhase(TestSuiteExecutor.java:129)
	at com.kms.katalon.core.main.TestSuiteExecutor.accessTestSuiteMainPhase(TestSuiteExecutor.java:112)
	at com.kms.katalon.core.main.TestSuiteExecutor.execute(TestSuiteExecutor.java:81)
	at com.kms.katalon.core.main.TestCaseMain.startTestSuite(TestCaseMain.java:149)
	at com.kms.katalon.core.main.TestCaseMain$startTestSuite$0.call(Unknown Source)
	at TempTestSuite1547824636810.run(TempTestSuite1547824636810.groovy:36)]]></system-err>
   </testsuite>
</testsuites>
